# JRE version: Java(TM) SE Runtime Environment (8.0_251-b08) (build 1.8.0_251-b08)
# Java VM: Java HotSpot(TM) 64-Bit Server VM (25.251-b08 mixed mode windows-amd64 compressed oops)
Heap:
 PSYoungGen      total 307200K, used 274291K [0x00000000d6100000, 0x00000000ea800000, 0x0000000100000000)
  eden space 296960K, 92% used [0x00000000d6100000,0x00000000e6cdcc80,0x00000000e8300000)
  from space 10240K, 0% used [0x00000000e9500000,0x00000000e9500000,0x00000000e9f00000)
  to   space 9216K, 0% used [0x00000000e9f00000,0x00000000e9f00000,0x00000000ea800000)
 ParOldGen       total 83456K, used 25255K [0x0000000082200000, 0x0000000087380000, 0x00000000d6100000)
  object space 83456K, 30% used [0x0000000082200000,0x0000000083aa9d88,0x0000000087380000)
 Metaspace       used 45031K, capacity 48300K, committed 48512K, reserved 1091584K
  class space    used 6319K, capacity 6921K, committed 7040K, reserved 1048576K
GC Heap History (10 events):
Event: 13.007 GC heap before
{Heap before GC invocations=10 (full 1):
 PSYoungGen      total 234496K, used 176762K [0x00000000d6100000, 0x00000000e5400000, 0x0000000100000000)
  eden space 224256K, 74% used [0x00000000d6100000,0x00000000e03f1a30,0x00000000e3c00000)
  from space 10240K, 96% used [0x00000000e4a00000,0x00000000e53acf50,0x00000000e5400000)
  to   space 11264K, 0% used [0x00000000e3e00000,0x00000000e3e00000,0x00000000e4900000)
 ParOldGen       total 53760K, used 9793K [0x0000000082200000, 0x0000000085680000, 0x00000000d6100000)
  object space 53760K, 18% used [0x0000000082200000,0x0000000082b90748,0x0000000085680000)
 Metaspace       used 33249K, capacity 35412K, committed 35496K, reserved 1079296K
  class space    used 4655K, capacity 5093K, committed 5120K, reserved 1048576K
Event: 13.026 GC heap after
Heap after GC invocations=10 (full 1):
 PSYoungGen      total 237568K, used 11251K [0x00000000d6100000, 0x00000000eb600000, 0x0000000100000000)
  eden space 226304K, 0% used [0x00000000d6100000,0x00000000d6100000,0x00000000e3e00000)
  from space 11264K, 99% used [0x00000000e3e00000,0x00000000e48fcfb0,0x00000000e4900000)
  to   space 14848K, 0% used [0x00000000ea780000,0x00000000ea780000,0x00000000eb600000)
 ParOldGen       total 53760K, used 15196K [0x0000000082200000, 0x0000000085680000, 0x00000000d6100000)
  object space 53760K, 28% used [0x0000000082200000,0x00000000830d7008,0x0000000085680000)
 Metaspace       used 33249K, capacity 35412K, committed 35496K, reserved 1079296K
  class space    used 4655K, capacity 5093K, committed 5120K, reserved 1048576K
}
Event: 13.026 GC heap before
{Heap before GC invocations=11 (full 2):
 PSYoungGen      total 237568K, used 11251K [0x00000000d6100000, 0x00000000eb600000, 0x0000000100000000)
  eden space 226304K, 0% used [0x00000000d6100000,0x00000000d6100000,0x00000000e3e00000)
  from space 11264K, 99% used [0x00000000e3e00000,0x00000000e48fcfb0,0x00000000e4900000)
  to   space 14848K, 0% used [0x00000000ea780000,0x00000000ea780000,0x00000000eb600000)
 ParOldGen       total 53760K, used 15196K [0x0000000082200000, 0x0000000085680000, 0x00000000d6100000)
  object space 53760K, 28% used [0x0000000082200000,0x00000000830d7008,0x0000000085680000)
 Metaspace       used 33249K, capacity 35412K, committed 35496K, reserved 1079296K
  class space    used 4655K, capacity 5093K, committed 5120K, reserved 1048576K
Event: 13.123 GC heap after
Heap after GC invocations=11 (full 2):
 PSYoungGen      total 237568K, used 0K [0x00000000d6100000, 0x00000000eb600000, 0x0000000100000000)
  eden space 226304K, 0% used [0x00000000d6100000,0x00000000d6100000,0x00000000e3e00000)
  from space 11264K, 0% used [0x00000000e3e00000,0x00000000e3e00000,0x00000000e4900000)
  to   space 14848K, 0% used [0x00000000ea780000,0x00000000ea780000,0x00000000eb600000)
 ParOldGen       total 83456K, used 21590K [0x0000000082200000, 0x0000000087380000, 0x00000000d6100000)
  object space 83456K, 25% used [0x0000000082200000,0x0000000083715810,0x0000000087380000)
 Metaspace       used 33249K, capacity 35412K, committed 35496K, reserved 1079296K
  class space    used 4655K, capacity 5093K, committed 5120K, reserved 1048576K
}
Event: 41.385 GC heap before
{Heap before GC invocations=12 (full 2):
 PSYoungGen      total 237568K, used 226304K [0x00000000d6100000, 0x00000000eb600000, 0x0000000100000000)
  eden space 226304K, 100% used [0x00000000d6100000,0x00000000e3e00000,0x00000000e3e00000)
  from space 11264K, 0% used [0x00000000e3e00000,0x00000000e3e00000,0x00000000e4900000)
  to   space 14848K, 0% used [0x00000000ea780000,0x00000000ea780000,0x00000000eb600000)
 ParOldGen       total 83456K, used 21590K [0x0000000082200000, 0x0000000087380000, 0x00000000d6100000)
  object space 83456K, 25% used [0x0000000082200000,0x0000000083715810,0x0000000087380000)
 Metaspace       used 41523K, capacity 44470K, committed 44544K, reserved 1087488K
  class space    used 5869K, capacity 6399K, committed 6400K, reserved 1048576K
Event: 41.425 GC heap after
Heap after GC invocations=12 (full 2):
 PSYoungGen      total 309760K, used 12396K [0x00000000d6100000, 0x00000000eb400000, 0x0000000100000000)
  eden space 296960K, 0% used [0x00000000d6100000,0x00000000d6100000,0x00000000e8300000)
  from space 12800K, 96% used [0x00000000ea780000,0x00000000eb39b080,0x00000000eb400000)
  to   space 15872K, 0% used [0x00000000e9500000,0x00000000e9500000,0x00000000ea480000)
 ParOldGen       total 83456K, used 21598K [0x0000000082200000, 0x0000000087380000, 0x00000000d6100000)
  object space 83456K, 25% used [0x0000000082200000,0x0000000083717810,0x0000000087380000)
 Metaspace       used 41523K, capacity 44470K, committed 44544K, reserved 1087488K
  class space    used 5869K, capacity 6399K, committed 6400K, reserved 1048576K
}
Event: 289.756 GC heap before
{Heap before GC invocations=13 (full 2):
 PSYoungGen      total 309760K, used 180051K [0x00000000d6100000, 0x00000000eb400000, 0x0000000100000000)
  eden space 296960K, 56% used [0x00000000d6100000,0x00000000e04b9ee8,0x00000000e8300000)
  from space 12800K, 96% used [0x00000000ea780000,0x00000000eb39b080,0x00000000eb400000)
  to   space 15872K, 0% used [0x00000000e9500000,0x00000000e9500000,0x00000000ea480000)
 ParOldGen       total 83456K, used 21598K [0x0000000082200000, 0x0000000087380000, 0x00000000d6100000)
  object space 83456K, 25% used [0x0000000082200000,0x0000000083717810,0x0000000087380000)
 Metaspace       used 44689K, capacity 47822K, committed 48128K, reserved 1091584K
  class space    used 6273K, capacity 6834K, committed 6912K, reserved 1048576K
Event: 289.771 GC heap after
Heap after GC invocations=13 (full 2):
 PSYoungGen      total 307200K, used 10180K [0x00000000d6100000, 0x00000000ea800000, 0x0000000100000000)
  eden space 296960K, 0% used [0x00000000d6100000,0x00000000d6100000,0x00000000e8300000)
  from space 10240K, 99% used [0x00000000e9500000,0x00000000e9ef1270,0x00000000e9f00000)
  to   space 9216K, 0% used [0x00000000e9f00000,0x00000000e9f00000,0x00000000ea800000)
 ParOldGen       total 83456K, used 21606K [0x0000000082200000, 0x0000000087380000, 0x00000000d6100000)
  object space 83456K, 25% used [0x0000000082200000,0x0000000083719810,0x0000000087380000)
 Metaspace       used 44689K, capacity 47822K, committed 48128K, reserved 1091584K
  class space    used 6273K, capacity 6834K, committed 6912K, reserved 1048576K
}
Event: 289.771 GC heap before
{Heap before GC invocations=14 (full 3):
 PSYoungGen      total 307200K, used 10180K [0x00000000d6100000, 0x00000000ea800000, 0x0000000100000000)
  eden space 296960K, 0% used [0x00000000d6100000,0x00000000d6100000,0x00000000e8300000)
  from space 10240K, 99% used [0x00000000e9500000,0x00000000e9ef1270,0x00000000e9f00000)
  to   space 9216K, 0% used [0x00000000e9f00000,0x00000000e9f00000,0x00000000ea800000)
 ParOldGen       total 83456K, used 21606K [0x0000000082200000, 0x0000000087380000, 0x00000000d6100000)
  object space 83456K, 25% used [0x0000000082200000,0x0000000083719810,0x0000000087380000)
 Metaspace       used 44689K, capacity 47822K, committed 48128K, reserved 1091584K
  class space    used 6273K, capacity 6834K, committed 6912K, reserved 1048576K
Event: 289.929 GC heap after
Heap after GC invocations=14 (full 3):
 PSYoungGen      total 307200K, used 0K [0x00000000d6100000, 0x00000000ea800000, 0x0000000100000000)
  eden space 296960K, 0% used [0x00000000d6100000,0x00000000d6100000,0x00000000e8300000)
  from space 10240K, 0% used [0x00000000e9500000,0x00000000e9500000,0x00000000e9f00000)
  to   space 9216K, 0% used [0x00000000e9f00000,0x00000000e9f00000,0x00000000ea800000)
 ParOldGen       total 83456K, used 25255K [0x0000000082200000, 0x0000000087380000, 0x00000000d6100000)
  object space 83456K, 30% used [0x0000000082200000,0x0000000083aa9d88,0x0000000087380000)
 Metaspace       used 44681K, capacity 47804K, committed 48128K, reserved 1091584K
  class space    used 6270K, capacity 6829K, committed 6912K, reserved 1048576K
}

